\BOOKMARK [1][-]{section.1}{\376\377\000H\000o\000w\000\040\000d\000o\000e\000s\000\040\000a\000\040\000s\000p\000e\000a\000k\000e\000r\000\040\000w\000o\000r\000k}{}% 1
\BOOKMARK [2][-]{subsection.1.1}{\376\377\000T\000h\000e\000\040\000B\000a\000s\000i\000c\000s}{section.1}% 2
\BOOKMARK [1][-]{section.2}{\376\377\000S\000p\000e\000a\000k\000e\000r\000\040\000M\000a\000x\000i\000m\000u\000m\000s}{}% 3
\BOOKMARK [2][-]{subsection.2.1}{\376\377\000F\000r\000e\000q\000u\000e\000n\000c\000y\000\040\000R\000e\000s\000p\000o\000n\000s\000e}{section.2}% 4
\BOOKMARK [2][-]{subsection.2.2}{\376\377\000W\000a\000v\000e\000f\000o\000r\000m\000s}{section.2}% 5
\BOOKMARK [1][-]{section.3}{\376\377\000S\000p\000e\000a\000k\000e\000r\000\040\000S\000i\000m\000u\000l\000a\000t\000i\000o\000n}{}% 6
\BOOKMARK [1][-]{section.4}{\376\377\000S\000o\000u\000n\000d\000\040\000P\000a\000r\000a\000m\000e\000t\000e\000r\000s}{}% 7
\BOOKMARK [2][-]{subsection.4.1}{\376\377\000S\000o\000u\000n\000d\000\040\000P\000o\000w\000e\000r\000\040\000\050\000S\000W\000L\000\051}{section.4}% 8
\BOOKMARK [2][-]{subsection.4.2}{\376\377\000S\000o\000u\000n\000d\000\040\000I\000n\000t\000e\000n\000s\000i\000t\000y\000\040\000\050\000S\000I\000L\000\051}{section.4}% 9
\BOOKMARK [2][-]{subsection.4.3}{\376\377\000S\000o\000u\000n\000d\000\040\000P\000r\000e\000s\000s\000u\000r\000e\000\040\000\050\000S\000P\000L\000\051}{section.4}% 10
\BOOKMARK [1][-]{section.5}{\376\377\000O\000u\000r\000\040\000S\000p\000e\000a\000k\000e\000r}{}% 11
\BOOKMARK [2][-]{subsection.5.1}{\376\377\000S\000p\000e\000c\000i\000f\000i\000c\000a\000t\000i\000o\000n\000s}{section.5}% 12
\BOOKMARK [2][-]{subsection.5.2}{\376\377\000S\000p\000e\000a\000k\000e\000r\000\040\000P\000o\000w\000e\000r\000\040\000a\000n\000d\000\040\000E\000f\000f\000i\000c\000i\000e\000n\000c\000y}{section.5}% 13
\BOOKMARK [2][-]{subsection.5.3}{\376\377\000S\000p\000e\000a\000k\000e\000r\000\040\000M\000a\000x\000i\000m\000u\000m}{section.5}% 14
\BOOKMARK [1][-]{section.6}{\376\377\000S\000p\000e\000a\000k\000e\000r\000\040\000A\000m\000p\000l\000i\000f\000i\000e\000r\000s}{}% 15
\BOOKMARK [2][-]{subsection.6.1}{\376\377\000I\000n\000t\000r\000o\000d\000u\000c\000t\000i\000o\000n}{section.6}% 16
\BOOKMARK [2][-]{subsection.6.2}{\376\377\000C\000l\000a\000s\000s\000\040\000A\000\040\000A\000m\000p\000l\000i\000f\000i\000e\000r}{section.6}% 17
\BOOKMARK [2][-]{subsection.6.3}{\376\377\000C\000l\000a\000s\000s\000\040\000B\000\040\000A\000m\000p\000l\000i\000f\000i\000e\000r\000\040\000"\000P\000u\000s\000h\000\040\000P\000u\000l\000l\000"}{section.6}% 18
\BOOKMARK [2][-]{subsection.6.4}{\376\377\000C\000l\000a\000s\000s\000\040\000A\000B\000\040\000A\000m\000p\000l\000i\000f\000i\000e\000r}{section.6}% 19
\BOOKMARK [2][-]{subsection.6.5}{\376\377\000C\000l\000a\000s\000s\000\040\000D\000\040\000A\000m\000p\000l\000i\000f\000i\000e\000r}{section.6}% 20
\BOOKMARK [2][-]{subsection.6.6}{\376\377\000C\000h\000o\000s\000e\000n\000\040\000A\000m\000p\000l\000i\000f\000i\000e\000r}{section.6}% 21
