\BOOKMARK [1][-]{section.1}{Project Overview}{}% 1
\BOOKMARK [2][-]{subsection.1.1}{Project Objective and Justification}{section.1}% 2
\BOOKMARK [2][-]{subsection.1.2}{Work Identification}{section.1}% 3
\BOOKMARK [1][-]{section.2}{Progress to Date}{}% 4
\BOOKMARK [2][-]{subsection.2.1}{Background Research}{section.2}% 5
\BOOKMARK [3][-]{subsubsection.2.1.1}{3D Mesh Generation}{subsection.2.1}% 6
\BOOKMARK [3][-]{subsubsection.2.1.2}{Audio Tone Start Detection}{subsection.2.1}% 7
\BOOKMARK [2][-]{subsection.2.2}{Theoretical Designs}{section.2}% 8
\BOOKMARK [3][-]{subsubsection.2.2.1}{Distance Measurement}{subsection.2.2}% 9
\BOOKMARK [3][-]{subsubsection.2.2.2}{Multi-device Syncing}{subsection.2.2}% 10
\BOOKMARK [2][-]{subsection.2.3}{Software Development}{section.2}% 11
\BOOKMARK [2][-]{subsection.2.4}{Summary and Conclusion}{section.2}% 12
\BOOKMARK [1][-]{section.3}{Remaining Tasks}{}% 13
\BOOKMARK [2][-]{subsection.3.1}{Tasks}{section.3}% 14
\BOOKMARK [3][-]{subsubsection.3.1.1}{Distance Measurement}{subsection.3.1}% 15
\BOOKMARK [3][-]{subsubsection.3.1.2}{Prototype Distance Measurement}{subsection.3.1}% 16
\BOOKMARK [3][-]{subsubsection.3.1.3}{Multi-device Syncing}{subsection.3.1}% 17
\BOOKMARK [3][-]{subsubsection.3.1.4}{3D Mesh Generation}{subsection.3.1}% 18
\BOOKMARK [2][-]{subsection.3.2}{Timeline}{section.3}% 19
\BOOKMARK [2][-]{subsection.3.3}{Budget Summary}{section.3}% 20
\BOOKMARK [1][-]{section.4}{Sustainability Analysis - Life Cycle Analysis}{}% 21
\BOOKMARK [2][-]{subsection.4.1}{Base Component Procurement}{section.4}% 22
\BOOKMARK [3][-]{subsubsection.4.1.1}{Silicon Semiconductors}{subsection.4.1}% 23
\BOOKMARK [3][-]{subsubsection.4.1.2}{Battery}{subsection.4.1}% 24
\BOOKMARK [3][-]{subsubsection.4.1.3}{Housing}{subsection.4.1}% 25
\BOOKMARK [2][-]{subsection.4.2}{Production}{section.4}% 26
\BOOKMARK [2][-]{subsection.4.3}{Distribution}{section.4}% 27
\BOOKMARK [2][-]{subsection.4.4}{Usage}{section.4}% 28
\BOOKMARK [2][-]{subsection.4.5}{End of Life}{section.4}% 29
\BOOKMARK [1][-]{section.5}{Conclusion}{}% 30
